#
# There is insufficient memory for the Java Runtime Environment to continue.
# Native memory allocation (malloc) failed to allocate 322416 bytes for Chunk::new
# Possible reasons:
#   The system is out of physical RAM or swap space
#   In 32 bit mode, the process size limit was hit
# Possible solutions:
#   Reduce memory load on the system
#   Increase physical memory or swap space
#   Check if swap backing store is full
#   Use 64 bit Java on a 64 bit OS
#   Decrease Java heap size (-Xmx/-Xms)
#   Decrease number of Java threads
#   Decrease Java thread stack sizes (-Xss)
#   Set larger code cache with -XX:ReservedCodeCacheSize=
# This output file may be truncated or incomplete.
#
#  Out of Memory Error (allocation.cpp:390), pid=2864, tid=8744
#
# JRE version: Java(TM) SE Runtime Environment (8.0_25-b18) (build 1.8.0_25-b18)
# Java VM: Java HotSpot(TM) 64-Bit Server VM (25.25-b02 mixed mode windows-amd64 compressed oops)
# Failed to write core dump. Minidumps are not enabled by default on client versions of Windows
#

---------------  T H R E A D  ---------------

Current thread (0x0000000015ef2800):  JavaThread "C2 CompilerThread0" daemon [_thread_in_native, id=8744, stack(0x00000000164b0000,0x00000000165b0000)]

Stack: [0x00000000164b0000,0x00000000165b0000]
Native frames: (J=compiled Java code, j=interpreted, Vv=VM code, C=native code)
V  [jvm.dll+0x31667a]


Current CompileTask:
C2:   3152 2106       4       com.android.dx.merge.DexMerger$7::read (8 bytes)


---------------  P R O C E S S  ---------------

Java Threads: ( => current thread )
  0x0000000014bae000 JavaThread "Service Thread" daemon [_thread_blocked, id=8424, stack(0x00000000167b0000,0x00000000168b0000)]
  0x0000000014b79800 JavaThread "C1 CompilerThread2" daemon [_thread_blocked, id=8628, stack(0x00000000166b0000,0x00000000167b0000)]
  0x0000000014b6b000 JavaThread "C2 CompilerThread1" daemon [_thread_in_native, id=6840, stack(0x00000000165b0000,0x00000000166b0000)]
=>0x0000000015ef2800 JavaThread "C2 CompilerThread0" daemon [_thread_in_native, id=8744, stack(0x00000000164b0000,0x00000000165b0000)]
  0x0000000014b61800 JavaThread "Attach Listener" daemon [_thread_blocked, id=9016, stack(0x00000000163b0000,0x00000000164b0000)]
  0x0000000014b60800 JavaThread "Signal Dispatcher" daemon [_thread_blocked, id=8260, stack(0x00000000162b0000,0x00000000163b0000)]
  0x0000000002478000 JavaThread "Finalizer" daemon [_thread_blocked, id=8968, stack(0x0000000015db0000,0x0000000015eb0000)]
  0x000000000246d800 JavaThread "Reference Handler" daemon [_thread_blocked, id=8256, stack(0x0000000015cb0000,0x0000000015db0000)]
  0x000000000237d800 JavaThread "main" [_thread_in_Java, id=5168, stack(0x00000000021e0000,0x00000000022e0000)]

Other Threads:
  0x0000000014b16000 VMThread [stack: 0x0000000015bb0000,0x0000000015cb0000] [id=8720]
  0x0000000015f46000 WatcherThread [stack: 0x00000000168b0000,0x00000000169b0000] [id=8428]

VM state:not at safepoint (normal execution)

VM Mutex/Monitor currently owned by a thread: None

Heap:
 PSYoungGen      total 66048K, used 55654K [0x00000000eab00000, 0x00000000eee00000, 0x0000000100000000)
  eden space 63488K, 87% used [0x00000000eab00000,0x00000000ee159b80,0x00000000ee900000)
  from space 2560K, 0% used [0x00000000eeb80000,0x00000000eeb80000,0x00000000eee00000)
  to   space 2560K, 0% used [0x00000000ee900000,0x00000000ee900000,0x00000000eeb80000)
 ParOldGen       total 42496K, used 17235K [0x00000000c0000000, 0x00000000c2980000, 0x00000000eab00000)
  object space 42496K, 40% used [0x00000000c0000000,0x00000000c10d4c88,0x00000000c2980000)
 Metaspace       used 7037K, capacity 7512K, committed 7680K, reserved 1056768K
  class space    used 700K, capacity 720K, committed 768K, reserved 1048576K

Card table byte_map: [0x0000000011840000,0x0000000011a50000] byte_map_base: 0x0000000011240000

Marking Bits: (ParMarkBitMap*) 0x000000007637d490
 Begin Bits: [0x0000000011fb0000, 0x0000000012fb0000)
 End Bits:   [0x0000000012fb0000, 0x0000000013fb0000)

Polling page: 0x0000000001ed0000

CodeCache: size=245760Kb used=7047Kb max_used=7047Kb free=238712Kb
 bounds [0x0000000002480000, 0x0000000002b70000, 0x0000000011480000]
 total_blobs=2396 nmethods=2107 adapters=200
 compilation: enabled

Compilation events (10 events):
Event: 3.070 Thread 0x0000000014b79800 2124       3       java.util.TimSort::mergeLo (659 bytes)
Event: 3.072 Thread 0x0000000014b79800 nmethod 2124 0x0000000002b59390 code [0x0000000002b596c0, 0x0000000002b5b858]
Event: 3.080 Thread 0x0000000014b79800 2125       3       com.android.dx.io.instructions.InstructionCodec$32::decode (74 bytes)
Event: 3.082 Thread 0x0000000014b79800 nmethod 2125 0x0000000002b5c610 code [0x0000000002b5c8e0, 0x0000000002b5e3d8]
Event: 3.083 Thread 0x0000000014b79800 2126       3       com.android.dx.io.instructions.InstructionCodec$32::encode (95 bytes)
Event: 3.085 Thread 0x0000000014b79800 nmethod 2126 0x0000000002b5f450 code [0x0000000002b5f6e0, 0x0000000002b612a8]
Event: 3.097 Thread 0x0000000014b6b000 nmethod 2105 0x0000000002b664d0 code [0x0000000002b66740, 0x0000000002b67ff0]
Event: 3.097 Thread 0x0000000014b6b000 2113       4       java.util.HashMap::resize (359 bytes)
Event: 3.109 Thread 0x0000000014b6b000 nmethod 2113 0x0000000002b65c10 code [0x0000000002b65da0, 0x0000000002b66288]
Event: 3.109 Thread 0x0000000014b6b000 2117       4       com.android.dx.merge.IndexMap$EncodedValueTransformer::transformArray (32 bytes)

GC Heap History (10 events):
Event: 1.108 GC heap before
{Heap before GC invocations=1 (full 0):
 PSYoungGen      total 18432K, used 15872K [0x00000000eab00000, 0x00000000ebf80000, 0x0000000100000000)
  eden space 15872K, 100% used [0x00000000eab00000,0x00000000eba80000,0x00000000eba80000)
  from space 2560K, 0% used [0x00000000ebd00000,0x00000000ebd00000,0x00000000ebf80000)
  to   space 2560K, 0% used [0x00000000eba80000,0x00000000eba80000,0x00000000ebd00000)
 ParOldGen       total 42496K, used 0K [0x00000000c0000000, 0x00000000c2980000, 0x00000000eab00000)
  object space 42496K, 0% used [0x00000000c0000000,0x00000000c0000000,0x00000000c2980000)
 Metaspace       used 5000K, capacity 6416K, committed 6528K, reserved 1056768K
  class space    used 501K, capacity 584K, committed 640K, reserved 1048576K
Event: 1.121 GC heap after
Heap after GC invocations=1 (full 0):
 PSYoungGen      total 18432K, used 2538K [0x00000000eab00000, 0x00000000ecf00000, 0x0000000100000000)
  eden space 15872K, 0% used [0x00000000eab00000,0x00000000eab00000,0x00000000eba80000)
  from space 2560K, 99% used [0x00000000eba80000,0x00000000ebcfa998,0x00000000ebd00000)
  to   space 2560K, 0% used [0x00000000ecc80000,0x00000000ecc80000,0x00000000ecf00000)
 ParOldGen       total 42496K, used 4976K [0x00000000c0000000, 0x00000000c2980000, 0x00000000eab00000)
  object space 42496K, 11% used [0x00000000c0000000,0x00000000c04dc098,0x00000000c2980000)
 Metaspace       used 5000K, capacity 6416K, committed 6528K, reserved 1056768K
  class space    used 501K, capacity 584K, committed 640K, reserved 1048576K
}
Event: 1.332 GC heap before
{Heap before GC invocations=2 (full 0):
 PSYoungGen      total 18432K, used 17503K [0x00000000eab00000, 0x00000000ecf00000, 0x0000000100000000)
  eden space 15872K, 94% used [0x00000000eab00000,0x00000000eb99d3b0,0x00000000eba80000)
  from space 2560K, 99% used [0x00000000eba80000,0x00000000ebcfa998,0x00000000ebd00000)
  to   space 2560K, 0% used [0x00000000ecc80000,0x00000000ecc80000,0x00000000ecf00000)
 ParOldGen       total 42496K, used 4976K [0x00000000c0000000, 0x00000000c2980000, 0x00000000eab00000)
  object space 42496K, 11% used [0x00000000c0000000,0x00000000c04dc098,0x00000000c2980000)
 Metaspace       used 5050K, capacity 6416K, committed 6528K, reserved 1056768K
  class space    used 502K, capacity 584K, committed 640K, reserved 1048576K
Event: 1.348 GC heap after
Heap after GC invocations=2 (full 0):
 PSYoungGen      total 34304K, used 2541K [0x00000000eab00000, 0x00000000ecf00000, 0x0000000100000000)
  eden space 31744K, 0% used [0x00000000eab00000,0x00000000eab00000,0x00000000eca00000)
  from space 2560K, 99% used [0x00000000ecc80000,0x00000000ecefb410,0x00000000ecf00000)
  to   space 2560K, 0% used [0x00000000eca00000,0x00000000eca00000,0x00000000ecc80000)
 ParOldGen       total 42496K, used 10827K [0x00000000c0000000, 0x00000000c2980000, 0x00000000eab00000)
  object space 42496K, 25% used [0x00000000c0000000,0x00000000c0a92e40,0x00000000c2980000)
 Metaspace       used 5050K, capacity 6416K, committed 6528K, reserved 1056768K
  class space    used 502K, capacity 584K, committed 640K, reserved 1048576K
}
Event: 2.271 GC heap before
{Heap before GC invocations=3 (full 0):
 PSYoungGen      total 34304K, used 32822K [0x00000000eab00000, 0x00000000ecf00000, 0x0000000100000000)
  eden space 31744K, 95% used [0x00000000eab00000,0x00000000ec892690,0x00000000eca00000)
  from space 2560K, 99% used [0x00000000ecc80000,0x00000000ecefb410,0x00000000ecf00000)
  to   space 2560K, 0% used [0x00000000eca00000,0x00000000eca00000,0x00000000ecc80000)
 ParOldGen       total 42496K, used 10827K [0x00000000c0000000, 0x00000000c2980000, 0x00000000eab00000)
  object space 42496K, 25% used [0x00000000c0000000,0x00000000c0a92e40,0x00000000c2980000)
 Metaspace       used 6979K, capacity 7448K, committed 7680K, reserved 1056768K
  class space    used 699K, capacity 720K, committed 768K, reserved 1048576K
Event: 2.289 GC heap after
Heap after GC invocations=3 (full 0):
 PSYoungGen      total 34304K, used 2557K [0x00000000eab00000, 0x00000000eee00000, 0x0000000100000000)
  eden space 31744K, 0% used [0x00000000eab00000,0x00000000eab00000,0x00000000eca00000)
  from space 2560K, 99% used [0x00000000eca00000,0x00000000ecc7f678,0x00000000ecc80000)
  to   space 2560K, 0% used [0x00000000eeb80000,0x00000000eeb80000,0x00000000eee00000)
 ParOldGen       total 42496K, used 21739K [0x00000000c0000000, 0x00000000c2980000, 0x00000000eab00000)
  object space 42496K, 51% used [0x00000000c0000000,0x00000000c153ac88,0x00000000c2980000)
 Metaspace       used 6979K, capacity 7448K, committed 7680K, reserved 1056768K
  class space    used 699K, capacity 720K, committed 768K, reserved 1048576K
}
Event: 2.522 GC heap before
{Heap before GC invocations=4 (full 0):
 PSYoungGen      total 34304K, used 34301K [0x00000000eab00000, 0x00000000eee00000, 0x0000000100000000)
  eden space 31744K, 100% used [0x00000000eab00000,0x00000000eca00000,0x00000000eca00000)
  from space 2560K, 99% used [0x00000000eca00000,0x00000000ecc7f678,0x00000000ecc80000)
  to   space 2560K, 0% used [0x00000000eeb80000,0x00000000eeb80000,0x00000000eee00000)
 ParOldGen       total 42496K, used 21739K [0x00000000c0000000, 0x00000000c2980000, 0x00000000eab00000)
  object space 42496K, 51% used [0x00000000c0000000,0x00000000c153ac88,0x00000000c2980000)
 Metaspace       used 7018K, capacity 7512K, committed 7680K, reserved 1056768K
  class space    used 700K, capacity 720K, committed 768K, reserved 1048576K
Event: 2.544 GC heap after
Heap after GC invocations=4 (full 0):
 PSYoungGen      total 66048K, used 2550K [0x00000000eab00000, 0x00000000eee00000, 0x0000000100000000)
  eden space 63488K, 0% used [0x00000000eab00000,0x00000000eab00000,0x00000000ee900000)
  from space 2560K, 99% used [0x00000000eeb80000,0x00000000eedfd8b8,0x00000000eee00000)
  to   space 2560K, 0% used [0x00000000ee900000,0x00000000ee900000,0x00000000eeb80000)
 ParOldGen       total 42496K, used 37745K [0x00000000c0000000, 0x00000000c2980000, 0x00000000eab00000)
  object space 42496K, 88% used [0x00000000c0000000,0x00000000c24dc480,0x00000000c2980000)
 Metaspace       used 7018K, capacity 7512K, committed 7680K, reserved 1056768K
  class space    used 700K, capacity 720K, committed 768K, reserved 1048576K
}
Event: 2.544 GC heap before
{Heap before GC invocations=5 (full 1):
 PSYoungGen      total 66048K, used 2550K [0x00000000eab00000, 0x00000000eee00000, 0x0000000100000000)
  eden space 63488K, 0% used [0x00000000eab00000,0x00000000eab00000,0x00000000ee900000)
  from space 2560K, 99% used [0x00000000eeb80000,0x00000000eedfd8b8,0x00000000eee00000)
  to   space 2560K, 0% used [0x00000000ee900000,0x00000000ee900000,0x00000000eeb80000)
 ParOldGen       total 42496K, used 37745K [0x00000000c0000000, 0x00000000c2980000, 0x00000000eab00000)
  object space 42496K, 88% used [0x00000000c0000000,0x00000000c24dc480,0x00000000c2980000)
 Metaspace       used 7018K, capacity 7512K, committed 7680K, reserved 1056768K
  class space    used 700K, capacity 720K, committed 768K, reserved 1048576K
Event: 2.689 GC heap after
Heap after GC invocations=5 (full 1):
 PSYoungGen      total 66048K, used 0K [0x00000000eab00000, 0x00000000eee00000, 0x0000000100000000)
  eden space 63488K, 0% used [0x00000000eab00000,0x00000000eab00000,0x00000000ee900000)
  from space 2560K, 0% used [0x00000000eeb80000,0x00000000eeb80000,0x00000000eee00000)
  to   space 2560K, 0% used [0x00000000ee900000,0x00000000ee900000,0x00000000eeb80000)
 ParOldGen       total 42496K, used 17235K [0x00000000c0000000, 0x00000000c2980000, 0x00000000eab00000)
  object space 42496K, 40% used [0x00000000c0000000,0x00000000c10d4c88,0x00000000c2980000)
 Metaspace       used 7018K, capacity 7512K, committed 7680K, reserved 1056768K
  class space    used 700K, capacity 720K, committed 768K, reserved 1048576K
}

Deoptimization events (10 events):
Event: 1.407 Thread 0x000000000237d800 Uncommon trap: reason=bimorphic action=maybe_recompile pc=0x00000000026f796c method=java.util.HashMap.getNode(ILjava/lang/Object;)Ljava/util/HashMap$Node; @ 126
Event: 1.407 Thread 0x000000000237d800 Uncommon trap: reason=class_check action=maybe_recompile pc=0x000000000282d458 method=java.util.HashMap.putVal(ILjava/lang/Object;Ljava/lang/Object;ZZ)Ljava/lang/Object; @ 203
Event: 1.408 Thread 0x000000000237d800 Uncommon trap: reason=class_check action=maybe_recompile pc=0x000000000282d458 method=java.util.HashMap.putVal(ILjava/lang/Object;Ljava/lang/Object;ZZ)Ljava/lang/Object; @ 203
Event: 1.738 Thread 0x000000000237d800 Uncommon trap: reason=class_check action=maybe_recompile pc=0x000000000291cfe0 method=java.util.HashMap.putVal(ILjava/lang/Object;Ljava/lang/Object;ZZ)Ljava/lang/Object; @ 56
Event: 1.738 Thread 0x000000000237d800 Uncommon trap: reason=class_check action=maybe_recompile pc=0x000000000291d030 method=java.util.HashMap.putVal(ILjava/lang/Object;Ljava/lang/Object;ZZ)Ljava/lang/Object; @ 152
Event: 1.738 Thread 0x000000000237d800 Uncommon trap: reason=class_check action=maybe_recompile pc=0x000000000291cfe0 method=java.util.HashMap.putVal(ILjava/lang/Object;Ljava/lang/Object;ZZ)Ljava/lang/Object; @ 56
Event: 1.945 Thread 0x000000000237d800 Uncommon trap: reason=unreached action=reinterpret pc=0x000000000291a3dc method=java.util.HashMap.getNode(ILjava/lang/Object;)Ljava/util/HashMap$Node; @ 84
Event: 1.983 Thread 0x000000000237d800 Uncommon trap: reason=unreached action=reinterpret pc=0x00000000026bbc64 method=java.util.HashMap.getNode(ILjava/lang/Object;)Ljava/util/HashMap$Node; @ 84
Event: 2.113 Thread 0x000000000237d800 Uncommon trap: reason=predicate action=maybe_recompile pc=0x0000000002a0df54 method=com.android.dex.Leb128.readUnsignedLeb128(Lcom/android/dex/util/ByteInput;)I @ 41
Event: 2.117 Thread 0x000000000237d800 Uncommon trap: reason=unreached action=reinterpret pc=0x0000000002a50570 method=java.util.HashMap.putVal(ILjava/lang/Object;Ljava/lang/Object;ZZ)Ljava/lang/Object; @ 109

Internal exceptions (10 events):
Event: 2.076 Thread 0x000000000237d800 Exception <a 'java/security/PrivilegedActionException'> (0x00000000ebea1490) thrown at [D:\re\workspace\8-2-build-windows-amd64-cygwin\jdk8u25\1677\hotspot\src\share\vm\prims\jvm.cpp, line 1312]
Event: 2.076 Thread 0x000000000237d800 Exception <a 'java/security/PrivilegedActionException'> (0x00000000ebea17d8) thrown at [D:\re\workspace\8-2-build-windows-amd64-cygwin\jdk8u25\1677\hotspot\src\share\vm\prims\jvm.cpp, line 1312]
Event: 2.081 Thread 0x000000000237d800 Exception <a 'java/security/PrivilegedActionException'> (0x00000000ebea64d8) thrown at [D:\re\workspace\8-2-build-windows-amd64-cygwin\jdk8u25\1677\hotspot\src\share\vm\prims\jvm.cpp, line 1312]
Event: 2.081 Thread 0x000000000237d800 Exception <a 'java/security/PrivilegedActionException'> (0x00000000ebea92b0) thrown at [D:\re\workspace\8-2-build-windows-amd64-cygwin\jdk8u25\1677\hotspot\src\share\vm\prims\jvm.cpp, line 1312]
Event: 2.084 Thread 0x000000000237d800 Exception <a 'java/security/PrivilegedActionException'> (0x00000000ebeab540) thrown at [D:\re\workspace\8-2-build-windows-amd64-cygwin\jdk8u25\1677\hotspot\src\share\vm\prims\jvm.cpp, line 1312]
Event: 2.084 Thread 0x000000000237d800 Exception <a 'java/security/PrivilegedActionException'> (0x00000000ebeabe20) thrown at [D:\re\workspace\8-2-build-windows-amd64-cygwin\jdk8u25\1677\hotspot\src\share\vm\prims\jvm.cpp, line 1312]
Event: 2.095 Thread 0x000000000237d800 Exception <a 'java/security/PrivilegedActionException'> (0x00000000ebebc758) thrown at [D:\re\workspace\8-2-build-windows-amd64-cygwin\jdk8u25\1677\hotspot\src\share\vm\prims\jvm.cpp, line 1312]
Event: 2.095 Thread 0x000000000237d800 Exception <a 'java/security/PrivilegedActionException'> (0x00000000ebebd038) thrown at [D:\re\workspace\8-2-build-windows-amd64-cygwin\jdk8u25\1677\hotspot\src\share\vm\prims\jvm.cpp, line 1312]
Event: 2.095 Thread 0x000000000237d800 Exception <a 'java/security/PrivilegedActionException'> (0x00000000ebebe9b0) thrown at [D:\re\workspace\8-2-build-windows-amd64-cygwin\jdk8u25\1677\hotspot\src\share\vm\prims\jvm.cpp, line 1312]
Event: 2.096 Thread 0x000000000237d800 Exception <a 'java/security/PrivilegedActionException'> (0x00000000ebebf2b0) thrown at [D:\re\workspace\8-2-build-windows-amd64-cygwin\jdk8u25\1677\hotspot\src\share\vm\prims\jvm.cpp, line 1312]

Events (10 events):
Event: 2.921 Thread 0x000000000237d800 DEOPT PACKING pc=0x0000000002b001e9 sp=0x00000000022df3b0
Event: 2.921 Thread 0x000000000237d800 DEOPT UNPACKING pc=0x00000000024c75bf sp=0x00000000022df130 mode 0
Event: 3.036 Thread 0x000000000237d800 DEOPT PACKING pc=0x00000000026b97cf sp=0x00000000022df240
Event: 3.036 Thread 0x000000000237d800 DEOPT UNPACKING pc=0x00000000024c75bf sp=0x00000000022def30 mode 0
Event: 3.043 Thread 0x000000000237d800 DEOPT PACKING pc=0x00000000026b97cf sp=0x00000000022df210
Event: 3.043 Thread 0x000000000237d800 DEOPT UNPACKING pc=0x00000000024c75bf sp=0x00000000022def00 mode 0
Event: 3.047 Thread 0x000000000237d800 DEOPT PACKING pc=0x00000000026b97cf sp=0x00000000022df210
Event: 3.047 Thread 0x000000000237d800 DEOPT UNPACKING pc=0x00000000024c75bf sp=0x00000000022def00 mode 0
Event: 3.052 Thread 0x000000000237d800 DEOPT PACKING pc=0x00000000026b97cf sp=0x00000000022df1c0
Event: 3.052 Thread 0x000000000237d800 DEOPT UNPACKING pc=0x00000000024c75bf sp=0x00000000022deeb0 mode 0


Dynamic libraries:
0x00007ff708820000 - 0x00007ff708854000 	C:\PROGRA~1\Java\JDK18~1.0_2\bin\java.exe
0x00007ffea6e10000 - 0x00007ffea6fbc000 	C:\WINDOWS\SYSTEM32\ntdll.dll
0x00007ffea4540000 - 0x00007ffea467e000 	C:\WINDOWS\system32\KERNEL32.DLL
0x00007ffea4370000 - 0x00007ffea4485000 	C:\WINDOWS\system32\KERNELBASE.dll
0x00007ffea28a0000 - 0x00007ffea292e000 	C:\WINDOWS\system32\apphelp.dll
0x00007ffe8afa0000 - 0x00007ffe8aff3000 	C:\WINDOWS\AppPatch\AppPatch64\AcGenral.DLL
0x00007ffea4490000 - 0x00007ffea453a000 	C:\WINDOWS\system32\msvcrt.dll
0x00007ffea3e00000 - 0x00007ffea3e2e000 	C:\WINDOWS\SYSTEM32\SspiCli.dll
0x00007ffea61a0000 - 0x00007ffea61f4000 	C:\WINDOWS\system32\SHLWAPI.dll
0x00007ffea5c20000 - 0x00007ffea5d97000 	C:\WINDOWS\system32\USER32.dll
0x00007ffea5ec0000 - 0x00007ffea6054000 	C:\WINDOWS\system32\ole32.dll
0x00007ffea4700000 - 0x00007ffea5c18000 	C:\WINDOWS\system32\SHELL32.dll
0x00007ffea3580000 - 0x00007ffea35a1000 	C:\WINDOWS\SYSTEM32\USERENV.dll
0x00007ffea6ca0000 - 0x00007ffea6d4a000 	C:\WINDOWS\system32\ADVAPI32.dll
0x00007ffe98520000 - 0x00007ffe9853e000 	C:\WINDOWS\SYSTEM32\MPR.dll
0x00007ffea6740000 - 0x00007ffea6881000 	C:\WINDOWS\system32\RPCRT4.dll
0x00007ffea6140000 - 0x00007ffea6199000 	C:\WINDOWS\SYSTEM32\sechost.dll
0x00007ffea68a0000 - 0x00007ffea6ab1000 	C:\WINDOWS\SYSTEM32\combase.dll
0x00007ffea6200000 - 0x00007ffea6351000 	C:\WINDOWS\system32\GDI32.dll
0x00007ffea3f60000 - 0x00007ffea3f75000 	C:\WINDOWS\SYSTEM32\profapi.dll
0x00007ffea24e0000 - 0x00007ffea2592000 	C:\WINDOWS\SYSTEM32\SHCORE.dll
0x00007ffea5da0000 - 0x00007ffea5dd6000 	C:\WINDOWS\system32\IMM32.DLL
0x00007ffea6360000 - 0x00007ffea64b2000 	C:\WINDOWS\system32\MSCTF.dll
0x00007ffea0b40000 - 0x00007ffea0dba000 	C:\WINDOWS\WinSxS\amd64_microsoft.windows.common-controls_6595b64144ccf1df_6.0.9600.17810_none_6240b9c7ecbd0bda\COMCTL32.dll
0x00000000757d0000 - 0x00000000758a2000 	C:\PROGRA~1\Java\JDK18~1.0_2\jre\bin\msvcr100.dll
0x0000000075ba0000 - 0x00000000763fa000 	C:\PROGRA~1\Java\JDK18~1.0_2\jre\bin\server\jvm.dll
0x00007ffe8bca0000 - 0x00007ffe8bca9000 	C:\WINDOWS\SYSTEM32\WSOCK32.dll
0x00007ffe9f560000 - 0x00007ffe9f582000 	C:\WINDOWS\SYSTEM32\WINMM.dll
0x00007ffea4690000 - 0x00007ffea4697000 	C:\WINDOWS\system32\PSAPI.DLL
0x00007ffea6060000 - 0x00007ffea60ba000 	C:\WINDOWS\system32\WS2_32.dll
0x00007ffe9f530000 - 0x00007ffe9f55a000 	C:\WINDOWS\SYSTEM32\WINMMBASE.dll
0x00007ffea6890000 - 0x00007ffea6899000 	C:\WINDOWS\system32\NSI.dll
0x00007ffea42c0000 - 0x00007ffea430f000 	C:\WINDOWS\SYSTEM32\cfgmgr32.dll
0x00007ffea2d70000 - 0x00007ffea2d98000 	C:\WINDOWS\SYSTEM32\DEVOBJ.dll
0x0000000075b90000 - 0x0000000075b9f000 	C:\PROGRA~1\Java\JDK18~1.0_2\jre\bin\verify.dll
0x0000000075b60000 - 0x0000000075b88000 	C:\PROGRA~1\Java\JDK18~1.0_2\jre\bin\java.dll
0x0000000075b40000 - 0x0000000075b56000 	C:\PROGRA~1\Java\JDK18~1.0_2\jre\bin\zip.dll
0x00007ffe906e0000 - 0x00007ffe90869000 	C:\WINDOWS\SYSTEM32\dbghelp.dll

VM Arguments:
jvm_args: -Xmx1024M -Xss1m -Djava.ext.dirs=C:\Users\정성진\AppData\Local\Android\sdk\build-tools\21.1.2\lib 
java_command: C:\Users\정성진\AppData\Local\Android\sdk\build-tools\21.1.2\lib\dx.jar --dex --no-optimize --output C:\maze of memories\app\build\intermediates\dex\debug --input-list=C:\maze of memories\app\build\intermediates\tmp\dex\debug\inputList.txt
java_class_path (initial): C:\Users\정성진\AppData\Local\Android\sdk\build-tools\21.1.2\lib\dx.jar
Launcher Type: SUN_STANDARD

Environment Variables:
JAVA_HOME=C:\Program Files\Java\jdk1.8.0_25
PATH=C:\Program Files (x86)\Wizvera\Delfino;C:\ProgramData\Oracle\Java\javapath;C:\app\oracle\product\11.2.0\dbhome_1\bin;C:\app\test\product\11.2.0\dbhome_1\bin;C:\Program Files (x86)\Java\jre7;C:\Windows\system32;c:\Windows;C:\WINDOWS\system32;C:\WINDOWS;C:\WINDOWS\System32\Wbem;C:\WINDOWS\System32\WindowsPowerShell\v1.0\;C:\Python27;C:\Windows\system32\regsvr32.exe;C:\app\apache-tomcat-7.0.56-windows-x64\apache-tomcat-7.0.56\bin;C:\Program Files (x86)\Windows Live\Shared;C:\Windows\SysWOW64;C:\Program Files (x86)\Git\cmd;C:\Program Files (x86)\Git\bin;C:\Windows\SysWOW64;C:\Program Files\Java\jdk1.8.0_25\bin;C:\Modeltech_pe_edu_10.2\win32pe_edu;C:\Modeltech_pe_edu_10.2a\win32pe_edu;C:\Program Files (x86)\IDM Computer Solutions\UltraEdit\;C:\Program Files (x86)\SSH Communications Security\SSH Secure Shell
USERNAME=정성진
OS=Windows_NT
PROCESSOR_IDENTIFIER=Intel64 Family 6 Model 58 Stepping 9, GenuineIntel



---------------  S Y S T E M  ---------------

OS: Windows 8.1 , 64 bit Build 9600 

CPU:total 4 (2 cores per cpu, 2 threads per core) family 6 model 58 stepping 9, cmov, cx8, fxsr, mmx, sse, sse2, sse3, ssse3, sse4.1, sse4.2, popcnt, avx, clmul, erms, ht, tsc, tscinvbit, tscinv

Memory: 4k page, physical 4050432k(106108k free), swap 7196160k(4420k free)

vm_info: Java HotSpot(TM) 64-Bit Server VM (25.25-b02) for windows-amd64 JRE (1.8.0_25-b18), built on Oct  7 2014 14:25:37 by "java_re" with MS VC++ 10.0 (VS2010)

time: Sun Aug 23 22:13:07 2015
elapsed time: 3 seconds (0d 0h 0m 3s)

